<?xml version="1.0" encoding="UTF-8"?>
<!-- Generated by org.testng.reporters.JUnitReportReporter -->
<testsuite hostname="ASDA0088" name="http_client.gmail_compose.gmail_test" tests="2" failures="0" timestamp="28 Jun 2018 08:10:40 GMT" time="3.550" errors="0">
  <testcase name="Testgmaillogin" time="2.595" classname="http_client.gmail_compose.gmail_test"/>
  <testcase name="TestEntries" time="0.955" classname="http_client.gmail_compose.gmail_test"/>
</testsuite> <!-- http_client.gmail_compose.gmail_test -->
