<?xml version="1.0" encoding="UTF-8"?>
<!-- Generated by org.testng.reporters.JUnitReportReporter -->
<testsuite hostname="ASDA0088" name="http_client.gmail_compose.googlesearch" tests="3" failures="0" timestamp="28 Jun 2018 10:12:52 GMT" time="7.303" errors="0">
  <testcase name="checkloginComplete" time="2.430" classname="http_client.gmail_compose.googlesearch"/>
  <testcase name="TestEntries" time="1.015" classname="http_client.gmail_compose.googlesearch"/>
  <testcase name="opensearchEngine" time="3.858" classname="http_client.gmail_compose.googlesearch"/>
</testsuite> <!-- http_client.gmail_compose.googlesearch -->
